16:03:37.920 From karate-config file 
16:03:38.045 [print] c =  30.0
16:03:38.061 End of the Test 
16:03:38.061 after scenario inside config 
16:03:38.061 From karate-config file 
16:03:38.529 [print] Success
16:03:38.639 after scenario inside config 
16:03:38.639 From karate-config file 
16:03:38.701 after scenario inside config 
16:03:38.717 From karate-config file 
16:03:38.733 after scenario inside config 
16:03:38.733 From karate-config file 
16:03:38.733 after scenario inside config 
16:03:38.764 From karate-config file 
16:03:38.795 request:
1 > POST http://www.dneonline.com/calculator.asmx
1 > Accept-Encoding: gzip,deflate
1 > Connection: Keep-Alive
1 > Content-Length: 309
1 > Content-Type: text/xml; charset=UTF-8
1 > Host: www.dneonline.com
1 > SOAPAction: http://tempuri.org/Add
1 > User-Agent: Apache-HttpClient/4.5.12 (Java/1.8.0_251)
<soap:Envelope xmlns:soap="http://schemas.xmlsoap.org/soap/envelope/" xmlns:xsd="http://www.w3.org/2001/XMLSchema" xmlns:xsi="http://www.w3.org/2001/XMLSchema-instance">
    <soap:Body>
 <Add xmlns="http://tempuri.org/">
   <intA>10</intA>
   <intB>30</intB>
 </Add>
    </soap:Body>
  </soap:Envelope>

16:03:39.405 response time in milliseconds: 611.81
1 < 200
1 < Cache-Control: private, max-age=0
1 < Content-Type: text/xml; charset=utf-8
1 < Date: Fri, 05 Feb 2021 10:33:37 GMT
1 < Server: Microsoft-IIS/8.0
1 < Vary: Accept-Encoding
1 < X-AspNet-Version: 2.0.50727
1 < X-Powered-By: ASP.NET
1 < X-Powered-By-Plesk: PleskWin
<?xml version="1.0" encoding="utf-8"?><soap:Envelope xmlns:soap="http://schemas.xmlsoap.org/soap/envelope/" xmlns:xsi="http://www.w3.org/2001/XMLSchema-instance" xmlns:xsd="http://www.w3.org/2001/XMLSchema"><soap:Body><AddResponse xmlns="http://tempuri.org/"><AddResult>40</AddResult></AddResponse></soap:Body></soap:Envelope>

16:03:39.405 [print] {
  "Cache-Control": [
    "private, max-age=0"
  ],
  "Content-Type": [
    "text/xml; charset=utf-8"
  ],
  "Vary": [
    "Accept-Encoding"
  ],
  "Server": [
    "Microsoft-IIS/8.0"
  ],
  "X-AspNet-Version": [
    "2.0.50727"
  ],
  "X-Powered-By": [
    "ASP.NET"
  ],
  "X-Powered-By-Plesk": [
    "PleskWin"
  ],
  "Date": [
    "Fri, 05 Feb 2021 10:33:37 GMT"
  ]
}

16:03:39.405 [print] [
  "Microsoft-IIS/8.0"
]

16:03:39.405 [print] Microsoft-IIS/8.0
16:03:39.420 [print] xml
16:03:39.420 [print] <soap:Envelope xmlns:soap="http://schemas.xmlsoap.org/soap/envelope/" xmlns:xsd="http://www.w3.org/2001/XMLSchema" xmlns:xsi="http://www.w3.org/2001/XMLSchema-instance">
  <soap:Body>
    <AddResponse xmlns="http://tempuri.org/">
      <AddResult>40</AddResult>
    </AddResponse>
  </soap:Body>
</soap:Envelope>

16:03:39.420 [print] 612
16:03:39.420 [print] 200
16:03:39.420 after scenario inside config 
16:03:39.420 From karate-config file 
16:03:39.420 request:
1 > POST http://www.dneonline.com/calculator.asmx
1 > Accept-Encoding: gzip,deflate
1 > Connection: Keep-Alive
1 > Content-Length: 309
1 > Content-Type: text/xml; charset=UTF-8
1 > Host: www.dneonline.com
1 > SOAPAction: http://tempuri.org/Add
1 > User-Agent: Apache-HttpClient/4.5.12 (Java/1.8.0_251)
<soap:Envelope xmlns:soap="http://schemas.xmlsoap.org/soap/envelope/" xmlns:xsd="http://www.w3.org/2001/XMLSchema" xmlns:xsi="http://www.w3.org/2001/XMLSchema-instance">
    <soap:Body>
 <Add xmlns="http://tempuri.org/">
   <intA>10</intA>
   <intB>30</intB>
 </Add>
    </soap:Body>
  </soap:Envelope>

16:03:40.014 response time in milliseconds: 582.67
1 < 200
1 < Cache-Control: private, max-age=0
1 < Content-Type: text/xml; charset=utf-8
1 < Date: Fri, 05 Feb 2021 10:33:38 GMT
1 < Server: Microsoft-IIS/8.0
1 < Vary: Accept-Encoding
1 < X-AspNet-Version: 2.0.50727
1 < X-Powered-By: ASP.NET
1 < X-Powered-By-Plesk: PleskWin
<?xml version="1.0" encoding="utf-8"?><soap:Envelope xmlns:soap="http://schemas.xmlsoap.org/soap/envelope/" xmlns:xsi="http://www.w3.org/2001/XMLSchema-instance" xmlns:xsd="http://www.w3.org/2001/XMLSchema"><soap:Body><AddResponse xmlns="http://tempuri.org/"><AddResult>40</AddResult></AddResponse></soap:Body></soap:Envelope>

16:03:40.014 [print] {
  "Cache-Control": [
    "private, max-age=0"
  ],
  "Content-Type": [
    "text/xml; charset=utf-8"
  ],
  "Vary": [
    "Accept-Encoding"
  ],
  "Server": [
    "Microsoft-IIS/8.0"
  ],
  "X-AspNet-Version": [
    "2.0.50727"
  ],
  "X-Powered-By": [
    "ASP.NET"
  ],
  "X-Powered-By-Plesk": [
    "PleskWin"
  ],
  "Date": [
    "Fri, 05 Feb 2021 10:33:38 GMT"
  ]
}

16:03:40.014 [print] [
  "Microsoft-IIS/8.0"
]

16:03:40.014 [print] Microsoft-IIS/8.0
16:03:40.014 [print] xml
16:03:40.014 [print] <soap:Envelope xmlns:soap="http://schemas.xmlsoap.org/soap/envelope/" xmlns:xsd="http://www.w3.org/2001/XMLSchema" xmlns:xsi="http://www.w3.org/2001/XMLSchema-instance">
  <soap:Body>
    <AddResponse xmlns="http://tempuri.org/">
      <AddResult>40</AddResult>
    </AddResponse>
  </soap:Body>
</soap:Envelope>

16:03:40.014 [print] 583
16:03:40.014 [print] 200
16:03:40.030 after scenario inside config 
16:03:40.030 request:
1 > POST https://www.w3schools.com/xml/tempconvert.asmx/CelsiusToFahrenheit
1 > Accept-Encoding: gzip,deflate
1 > Connection: Keep-Alive
1 > Content-Length: 10
1 > Content-Type: application/x-www-form-urlencoded; charset=UTF-8
1 > Host: www.w3schools.com
1 > User-Agent: Apache-HttpClient/4.5.12 (Java/1.8.0_251)
Celsius=37

16:03:40.342 response time in milliseconds: 317.56
1 < 200
1 < Cache-Control: private, max-age=0,public
1 < Content-Type: text/xml; charset=utf-8
1 < Date: Fri, 05 Feb 2021 10:25:28 GMT
1 < Server: Microsoft-IIS/7.5
1 < Vary: Accept-Encoding
1 < X-AspNet-Version: 4.0.30319
1 < X-Frame-Options: SAMEORIGIN
1 < X-Powered-By: ASP.NET
<?xml version="1.0" encoding="utf-8"?>
<string xmlns="https://www.w3schools.com/xml/">98.6</string>

16:03:40.342 [print] {
  "Cache-Control": [
    "private, max-age=0,public"
  ],
  "Content-Type": [
    "text/xml; charset=utf-8"
  ],
  "Date": [
    "Fri, 05 Feb 2021 10:25:28 GMT"
  ],
  "Server": [
    "Microsoft-IIS/7.5"
  ],
  "Vary": [
    "Accept-Encoding"
  ],
  "X-AspNet-Version": [
    "4.0.30319"
  ],
  "X-Frame-Options": [
    "SAMEORIGIN"
  ],
  "X-Powered-By": [
    "ASP.NET"
  ]
}

16:03:40.342 [print] xml
16:03:40.342 [print] 318
16:03:40.342 [print] <string xmlns="https://www.w3schools.com/xml/">98.6</string>

16:03:40.358 From karate-config file 
16:03:40.358 [print] nonstatic
16:03:40.358 [print] nonstatic
16:03:40.358 after scenario inside config 
16:03:40.373 From karate-config file 
16:03:40.373 [print] static
16:03:40.373 [print] static
16:03:40.373 after scenario inside config 
16:03:40.389 From karate-config file 
16:03:40.389 [print] Basic cGFsbWV0b2FkbWluOlBAbG1ldG9AMTIz
16:03:40.405 request:
1 > GET https://192.168.1.62:8089/services/search/jobs
1 > Accept-Encoding: gzip,deflate
1 > Authorization: Basic cGFsbWV0b2FkbWluOlBAbG1ldG9AMTIz
1 > Connection: Keep-Alive
1 > Host: 192.168.1.62:8089
1 > User-Agent: Apache-HttpClient/4.5.12 (Java/1.8.0_251)

16:03:40.436 response time in milliseconds: 30.12
1 < 200
1 < Cache-Control: no-store, no-cache, must-revalidate, max-age=0
1 < Connection: Keep-Alive
1 < Content-Type: text/xml; charset=UTF-8
1 < Date: Fri, 05 Feb 2021 10:33:39 GMT
1 < Expires: Thu, 26 Oct 1978 00:00:00 GMT
1 < Server: Splunkd
1 < Vary: Accept-Encoding, Cookie, Authorization
1 < X-Content-Type-Options: nosniff
1 < X-Frame-Options: SAMEORIGIN
<?xml version="1.0" encoding="UTF-8"?>
<!--This is to override browser formatting; see server.conf[httpServer] to disable. . . . . . . . . . . . . . . . . . . . . . . . . . . . . . . . . . . . . . . . . . . . . . . . . . . . . . . . . . . . . . . . . . . . . . . . . . . . . . . . . . . . . . . . . . . . . . . . . . . . . . . . . . . . . . . . . . . . . . . . . . . . . . . . . . . . . . . . . . . . . . . . . . . . . . . . . . . . . . . . . . . . . . . . . . . . . . . . . . . . . . . . . . . . . . . . . . . . . . . . . . . . . . . . . . . . . . . . . . . . . . . . . . . . . . . . . . . . . . . . . . . . . . . . . . . . . . . . . . . . . . . . . . . . . . . . . . . . . . . . . . . . . . . . . . . . . . . . . . . . . . . . . . . . . . . . . . . . . . . . . . . . . . . . . . . . . . . . . . . . . . . . . . . . . . . . . . . . . . . . . . . . . . . . . . . . . . . . . . . . . . . . . . . . . . . . . . . . . . . . . . . . . . . . . . . . . . . . . . . . . . . . . . . . . . . . . . . . . . . . . . . . . . . . . . . . . . . . . . . . . . . . . . . . . . . . .-->
<?xml-stylesheet type="text/xml" href="/static/atom.xsl"?>
<feed xmlns="http://www.w3.org/2005/Atom" xmlns:s="http://dev.splunk.com/ns/rest" xmlns:opensearch="http://a9.com/-/spec/opensearch/1.1/">
  <title>jobs</title>
  <id>https://192.168.1.62:8089/services/search/jobs</id>
  <updated>2021-02-05T16:03:39+05:30</updated>
  <generator build="08187535c166" version="8.1.1"/>
  <author>
    <name>Splunk</name>
  </author>
  <opensearch:totalResults>2</opensearch:totalResults>
  <opensearch:itemsPerPage>0</opensearch:itemsPerPage>
  <opensearch:startIndex>0</opensearch:startIndex>
  <entry>
    <title>| archivebuckets</title>
    <id>https://192.168.1.62:8089/services/search/jobs/scheduler__nobody_c3BsdW5rX2FyY2hpdmVy__RMD5473cbac83d6c9db7_at_1612518420_24</id>
    <updated>2021-02-05T15:17:01.502+05:30</updated>
    <link href="/services/search/jobs/scheduler__nobody_c3BsdW5rX2FyY2hpdmVy__RMD5473cbac83d6c9db7_at_1612518420_24" rel="alternate"/>
    <published>2021-02-05T15:17:00.000+05:30</published>
    <link href="/services/search/jobs/scheduler__nobody_c3BsdW5rX2FyY2hpdmVy__RMD5473cbac83d6c9db7_at_1612518420_24/search.log" rel="search.log"/>
    <link href="/services/search/jobs/scheduler__nobody_c3BsdW5rX2FyY2hpdmVy__RMD5473cbac83d6c9db7_at_1612518420_24/search_telemetry.json" rel="search_telemetry.json"/>
    <link href="/services/search/jobs/scheduler__nobody_c3BsdW5rX2FyY2hpdmVy__RMD5473cbac83d6c9db7_at_1612518420_24/events" rel="events"/>
    <link href="/services/search/jobs/scheduler__nobody_c3BsdW5rX2FyY2hpdmVy__RMD5473cbac83d6c9db7_at_1612518420_24/results" rel="results"/>
    <link href="/services/search/jobs/scheduler__nobody_c3BsdW5rX2FyY2hpdmVy__RMD5473cbac83d6c9db7_at_1612518420_24/results_preview" rel="results_preview"/>
    <link href="/services/search/jobs/scheduler__nobody_c3BsdW5rX2FyY2hpdmVy__RMD5473cbac83d6c9db7_at_1612518420_24/timeline" rel="timeline"/>
    <link href="/services/search/jobs/scheduler__nobody_c3BsdW5rX2FyY2hpdmVy__RMD5473cbac83d6c9db7_at_1612518420_24/summary" rel="summary"/>
    <link href="/services/search/jobs/scheduler__nobody_c3BsdW5rX2FyY2hpdmVy__RMD5473cbac83d6c9db7_at_1612518420_24/control" rel="control"/>
    <author>
      <name>splunk-system-user</name>
    </author>
    <content type="text/xml">
      <s:dict>
        <s:key name="canSummarize">0</s:key>
        <s:key name="cursorTime">1970-01-01T05:30:00.000+05:30</s:key>
        <s:key name="defaultSaveTTL">604800</s:key>
        <s:key name="defaultTTL">600</s:key>
        <s:key name="delegate">scheduler</s:key>
        <s:key name="diskUsage">53248</s:key>
        <s:key name="dispatchState">DONE</s:key>
        <s:key name="doneProgress">1.00000</s:key>
        <s:key name="dropCount">0</s:key>
        <s:key name="earliestTime">1970-01-01T05:30:00.000+05:30</s:key>
        <s:key name="eventAvailableCount">0</s:key>
        <s:key name="eventCount">0</s:key>
        <s:key name="eventFieldCount">0</s:key>
        <s:key name="eventIsStreaming">1</s:key>
        <s:key name="eventIsTruncated">0</s:key>
        <s:key name="eventSearch">archivebuckets </s:key>
        <s:key name="eventSorting">none</s:key>
        <s:key name="isBatchModeSearch">0</s:key>
        <s:key name="isDone">1</s:key>
        <s:key name="isEventsPreviewEnabled">0</s:key>
        <s:key name="isFailed">0</s:key>
        <s:key name="isFinalized">0</s:key>
        <s:key name="isPaused">0</s:key>
        <s:key name="isPreviewEnabled">0</s:key>
        <s:key name="isRealTimeSearch">0</s:key>
        <s:key name="isRemoteTimeline">0</s:key>
        <s:key name="isSaved">0</s:key>
        <s:key name="isSavedSearch">1</s:key>
        <s:key name="isTimeCursored">0</s:key>
        <s:key name="isZombie">0</s:key>
        <s:key name="keywords"></s:key>
        <s:key name="label">Bucket Copy Trigger</s:key>
        <s:key name="latestTime">2021-02-05T15:17:00.000+05:30</s:key>
        <s:key name="normalizedSearch"></s:key>
        <s:key name="numPreviews">0</s:key>
        <s:key name="optimizedSearch">| archivebuckets</s:key>
        <s:key name="phase0"></s:key>
        <s:key name="phase1">archivebuckets  | timeliner  remote=0 partial_commits=0 max_events_per_bucket=500000 fieldstats_update_maxperiod=60 bucket=0</s:key>
        <s:key name="pid">121866</s:key>
        <s:key name="priority">5</s:key>
        <s:key name="provenance">scheduler</s:key>
        <s:key name="remoteSearch"></s:key>
        <s:key name="reportSearch"></s:key>
        <s:key name="resultCount">0</s:key>
        <s:key name="resultIsStreaming">1</s:key>
        <s:key name="resultPreviewCount">0</s:key>
        <s:key name="runDuration">0.626</s:key>
        <s:key name="sampleRatio">1</s:key>
        <s:key name="sampleSeed">0</s:key>
        <s:key name="savedSearchLabel">{"owner":"nobody","app":"splunk_archiver","sharing":"app"}</s:key>
        <s:key name="scanCount">0</s:key>
        <s:key name="search">| archivebuckets</s:key>
        <s:key name="searchCanBeEventType">0</s:key>
        <s:key name="searchLatestTime">1612518420.000000000</s:key>
        <s:key name="searchTotalBucketsCount">0</s:key>
        <s:key name="searchTotalEliminatedBucketsCount">0</s:key>
        <s:key name="sid">scheduler__nobody_c3BsdW5rX2FyY2hpdmVy__RMD5473cbac83d6c9db7_at_1612518420_24</s:key>
        <s:key name="statusBuckets">0</s:key>
        <s:key name="ttl">4402</s:key>
        <s:key name="workload_action_information"></s:key>
        <s:key name="workload_pool"></s:key>
        <s:key name="performance">
          <s:dict>
            <s:key name="command.archivebuckets">
              <s:dict>
                <s:key name="duration_secs">0.605</s:key>
                <s:key name="invocations">1</s:key>
                <s:key name="input_count">0</s:key>
                <s:key name="output_count">0</s:key>
              </s:dict>
            </s:key>
            <s:key name="command.timeliner">
              <s:dict>
                <s:key name="invocations">1</s:key>
                <s:key name="input_count">0</s:key>
                <s:key name="output_count">0</s:key>
              </s:dict>
            </s:key>
            <s:key name="dispatch.createdSearchResultInfrastructure">
              <s:dict>
                <s:key name="duration_secs">0.001</s:key>
                <s:key name="invocations">1</s:key>
              </s:dict>
            </s:key>
            <s:key name="dispatch.evaluate.archivebuckets">
              <s:dict>
                <s:key name="invocations">2</s:key>
              </s:dict>
            </s:key>
            <s:key name="dispatch.finalWriteToDisk">
              <s:dict>
                <s:key name="invocations">1</s:key>
              </s:dict>
            </s:key>
            <s:key name="dispatch.readEventsInResults">
              <s:dict>
                <s:key name="invocations">1</s:key>
              </s:dict>
            </s:key>
            <s:key name="dispatch.timeline">
              <s:dict>
                <s:key name="invocations">1</s:key>
              </s:dict>
            </s:key>
            <s:key name="dispatch.writeStatus">
              <s:dict>
                <s:key name="invocations">3</s:key>
              </s:dict>
            </s:key>
            <s:key name="startup.configuration">
              <s:dict>
                <s:key name="duration_secs">0.013</s:key>
                <s:key name="invocations">2</s:key>
              </s:dict>
            </s:key>
            <s:key name="startup.handoff">
              <s:dict>
                <s:key name="duration_secs">0.058</s:key>
                <s:key name="invocations">2</s:key>
              </s:dict>
            </s:key>
          </s:dict>
        </s:key>
        <s:key name="messages">
          <s:dict/>
        </s:key>
        <s:key name="request">
          <s:dict>
            <s:key name="auto_cancel">0</s:key>
            <s:key name="auto_pause">0</s:key>
            <s:key name="buckets">0</s:key>
            <s:key name="earliest_time"></s:key>
            <s:key name="index_earliest"></s:key>
            <s:key name="index_latest"></s:key>
            <s:key name="indexedRealtime"></s:key>
            <s:key name="indexedRealtimeMinSpan"></s:key>
            <s:key name="indexedRealtimeOffset"></s:key>
            <s:key name="latest_time">now</s:key>
            <s:key name="lookups">1</s:key>
            <s:key name="max_count">500000</s:key>
            <s:key name="max_time">0</s:key>
            <s:key name="reduce_freq">10</s:key>
            <s:key name="rt_backfill">0</s:key>
            <s:key name="rt_maximum_span"></s:key>
            <s:key name="sample_ratio">1</s:key>
            <s:key name="spawn_process">1</s:key>
            <s:key name="time_format">%FT%T.%Q%:z</s:key>
            <s:key name="ui_dispatch_app"></s:key>
            <s:key name="ui_dispatch_view"></s:key>
          </s:dict>
        </s:key>
        <s:key name="eai:acl">
          <s:dict>
            <s:key name="perms">
              <s:dict>
                <s:key name="read">
                  <s:list>
                    <s:item>*</s:item>
                    <s:item>splunk-system-user</s:item>
                  </s:list>
                </s:key>
                <s:key name="write">
                  <s:list>
                    <s:item>*</s:item>
                    <s:item>splunk-system-user</s:item>
                  </s:list>
                </s:key>
              </s:dict>
            </s:key>
            <s:key name="owner">splunk-system-user</s:key>
            <s:key name="modifiable">1</s:key>
            <s:key name="sharing">global</s:key>
            <s:key name="app">splunk_archiver</s:key>
            <s:key name="can_write">1</s:key>
            <s:key name="ttl">7200</s:key>
          </s:dict>
        </s:key>
        <s:key name="searchProviders">
          <s:list/>
        </s:key>
      </s:dict>
    </content>
  </entry>
  <entry>
    <title>| archivebuckets</title>
    <id>https://192.168.1.62:8089/services/search/jobs/scheduler__nobody_c3BsdW5rX2FyY2hpdmVy__RMD5473cbac83d6c9db7_at_1612514820_23</id>
    <updated>2021-02-05T14:17:01.701+05:30</updated>
    <link href="/services/search/jobs/scheduler__nobody_c3BsdW5rX2FyY2hpdmVy__RMD5473cbac83d6c9db7_at_1612514820_23" rel="alternate"/>
    <published>2021-02-05T14:17:01.000+05:30</published>
    <link href="/services/search/jobs/scheduler__nobody_c3BsdW5rX2FyY2hpdmVy__RMD5473cbac83d6c9db7_at_1612514820_23/search.log" rel="search.log"/>
    <link href="/services/search/jobs/scheduler__nobody_c3BsdW5rX2FyY2hpdmVy__RMD5473cbac83d6c9db7_at_1612514820_23/search_telemetry.json" rel="search_telemetry.json"/>
    <link href="/services/search/jobs/scheduler__nobody_c3BsdW5rX2FyY2hpdmVy__RMD5473cbac83d6c9db7_at_1612514820_23/events" rel="events"/>
    <link href="/services/search/jobs/scheduler__nobody_c3BsdW5rX2FyY2hpdmVy__RMD5473cbac83d6c9db7_at_1612514820_23/results" rel="results"/>
    <link href="/services/search/jobs/scheduler__nobody_c3BsdW5rX2FyY2hpdmVy__RMD5473cbac83d6c9db7_at_1612514820_23/results_preview" rel="results_preview"/>
    <link href="/services/search/jobs/scheduler__nobody_c3BsdW5rX2FyY2hpdmVy__RMD5473cbac83d6c9db7_at_1612514820_23/timeline" rel="timeline"/>
    <link href="/services/search/jobs/scheduler__nobody_c3BsdW5rX2FyY2hpdmVy__RMD5473cbac83d6c9db7_at_1612514820_23/summary" rel="summary"/>
    <link href="/services/search/jobs/scheduler__nobody_c3BsdW5rX2FyY2hpdmVy__RMD5473cbac83d6c9db7_at_1612514820_23/control" rel="control"/>
    <author>
      <name>splunk-system-user</name>
    </author>
    <content type="text/xml">
      <s:dict>
        <s:key name="canSummarize">0</s:key>
        <s:key name="cursorTime">1970-01-01T05:30:00.000+05:30</s:key>
        <s:key name="defaultSaveTTL">604800</s:key>
        <s:key name="defaultTTL">600</s:key>
        <s:key name="delegate">scheduler</s:key>
        <s:key name="diskUsage">53248</s:key>
        <s:key name="dispatchState">DONE</s:key>
        <s:key name="doneProgress">1.00000</s:key>
        <s:key name="dropCount">0</s:key>
        <s:key name="earliestTime">1970-01-01T05:30:00.000+05:30</s:key>
        <s:key name="eventAvailableCount">0</s:key>
        <s:key name="eventCount">0</s:key>
        <s:key name="eventFieldCount">0</s:key>
        <s:key name="eventIsStreaming">1</s:key>
        <s:key name="eventIsTruncated">0</s:key>
        <s:key name="eventSearch">archivebuckets </s:key>
        <s:key name="eventSorting">none</s:key>
        <s:key name="isBatchModeSearch">0</s:key>
        <s:key name="isDone">1</s:key>
        <s:key name="isEventsPreviewEnabled">0</s:key>
        <s:key name="isFailed">0</s:key>
        <s:key name="isFinalized">0</s:key>
        <s:key name="isPaused">0</s:key>
        <s:key name="isPreviewEnabled">0</s:key>
        <s:key name="isRealTimeSearch">0</s:key>
        <s:key name="isRemoteTimeline">0</s:key>
        <s:key name="isSaved">0</s:key>
        <s:key name="isSavedSearch">1</s:key>
        <s:key name="isTimeCursored">0</s:key>
        <s:key name="isZombie">0</s:key>
        <s:key name="keywords"></s:key>
        <s:key name="label">Bucket Copy Trigger</s:key>
        <s:key name="latestTime">2021-02-05T14:17:00.000+05:30</s:key>
        <s:key name="normalizedSearch"></s:key>
        <s:key name="numPreviews">0</s:key>
        <s:key name="optimizedSearch">| archivebuckets</s:key>
        <s:key name="phase0"></s:key>
        <s:key name="phase1">archivebuckets  | timeliner  remote=0 partial_commits=0 max_events_per_bucket=500000 fieldstats_update_maxperiod=60 bucket=0</s:key>
        <s:key name="pid">118600</s:key>
        <s:key name="priority">5</s:key>
        <s:key name="provenance">scheduler</s:key>
        <s:key name="remoteSearch"></s:key>
        <s:key name="reportSearch"></s:key>
        <s:key name="resultCount">0</s:key>
        <s:key name="resultIsStreaming">1</s:key>
        <s:key name="resultPreviewCount">0</s:key>
        <s:key name="runDuration">0.664</s:key>
        <s:key name="sampleRatio">1</s:key>
        <s:key name="sampleSeed">0</s:key>
        <s:key name="savedSearchLabel">{"owner":"nobody","app":"splunk_archiver","sharing":"app"}</s:key>
        <s:key name="scanCount">0</s:key>
        <s:key name="search">| archivebuckets</s:key>
        <s:key name="searchCanBeEventType">0</s:key>
        <s:key name="searchLatestTime">1612514820.000000000</s:key>
        <s:key name="searchTotalBucketsCount">0</s:key>
        <s:key name="searchTotalEliminatedBucketsCount">0</s:key>
        <s:key name="sid">scheduler__nobody_c3BsdW5rX2FyY2hpdmVy__RMD5473cbac83d6c9db7_at_1612514820_23</s:key>
        <s:key name="statusBuckets">0</s:key>
        <s:key name="ttl">802</s:key>
        <s:key name="workload_action_information"></s:key>
        <s:key name="workload_pool"></s:key>
        <s:key name="performance">
          <s:dict>
            <s:key name="command.archivebuckets">
              <s:dict>
                <s:key name="duration_secs">0.642</s:key>
                <s:key name="invocations">1</s:key>
                <s:key name="input_count">0</s:key>
                <s:key name="output_count">0</s:key>
              </s:dict>
            </s:key>
            <s:key name="command.timeliner">
              <s:dict>
                <s:key name="invocations">1</s:key>
                <s:key name="input_count">0</s:key>
                <s:key name="output_count">0</s:key>
              </s:dict>
            </s:key>
            <s:key name="dispatch.createdSearchResultInfrastructure">
              <s:dict>
                <s:key name="duration_secs">0.001</s:key>
                <s:key name="invocations">1</s:key>
              </s:dict>
            </s:key>
            <s:key name="dispatch.evaluate.archivebuckets">
              <s:dict>
                <s:key name="invocations">2</s:key>
              </s:dict>
            </s:key>
            <s:key name="dispatch.finalWriteToDisk">
              <s:dict>
                <s:key name="invocations">1</s:key>
              </s:dict>
            </s:key>
            <s:key name="dispatch.readEventsInResults">
              <s:dict>
                <s:key name="invocations">1</s:key>
              </s:dict>
            </s:key>
            <s:key name="dispatch.timeline">
              <s:dict>
                <s:key name="invocations">1</s:key>
              </s:dict>
            </s:key>
            <s:key name="dispatch.writeStatus">
              <s:dict>
                <s:key name="invocations">3</s:key>
              </s:dict>
            </s:key>
            <s:key name="startup.configuration">
              <s:dict>
                <s:key name="duration_secs">0.012</s:key>
                <s:key name="invocations">2</s:key>
              </s:dict>
            </s:key>
            <s:key name="startup.handoff">
              <s:dict>
                <s:key name="duration_secs">0.056</s:key>
                <s:key name="invocations">2</s:key>
              </s:dict>
            </s:key>
          </s:dict>
        </s:key>
        <s:key name="messages">
          <s:dict/>
        </s:key>
        <s:key name="request">
          <s:dict>
            <s:key name="auto_cancel">0</s:key>
            <s:key name="auto_pause">0</s:key>
            <s:key name="buckets">0</s:key>
            <s:key name="earliest_time"></s:key>
            <s:key name="index_earliest"></s:key>
            <s:key name="index_latest"></s:key>
            <s:key name="indexedRealtime"></s:key>
            <s:key name="indexedRealtimeMinSpan"></s:key>
            <s:key name="indexedRealtimeOffset"></s:key>
            <s:key name="latest_time">now</s:key>
            <s:key name="lookups">1</s:key>
            <s:key name="max_count">500000</s:key>
            <s:key name="max_time">0</s:key>
            <s:key name="reduce_freq">10</s:key>
            <s:key name="rt_backfill">0</s:key>
            <s:key name="rt_maximum_span"></s:key>
            <s:key name="sample_ratio">1</s:key>
            <s:key name="spawn_process">1</s:key>
            <s:key name="time_format">%FT%T.%Q%:z</s:key>
            <s:key name="ui_dispatch_app"></s:key>
            <s:key name="ui_dispatch_view"></s:key>
          </s:dict>
        </s:key>
        <s:key name="eai:acl">
          <s:dict>
            <s:key name="perms">
              <s:dict>
                <s:key name="read">
                  <s:list>
                    <s:item>*</s:item>
                    <s:item>splunk-system-user</s:item>
                  </s:list>
                </s:key>
                <s:key name="write">
                  <s:list>
                    <s:item>*</s:item>
                    <s:item>splunk-system-user</s:item>
                  </s:list>
                </s:key>
              </s:dict>
            </s:key>
            <s:key name="owner">splunk-system-user</s:key>
            <s:key name="modifiable">1</s:key>
            <s:key name="sharing">global</s:key>
            <s:key name="app">splunk_archiver</s:key>
            <s:key name="can_write">1</s:key>
            <s:key name="ttl">7200</s:key>
          </s:dict>
        </s:key>
        <s:key name="searchProviders">
          <s:list/>
        </s:key>
      </s:dict>
    </content>
  </entry>
</feed>


16:03:40.467 [print] xml
16:03:40.498 [print] jobs
16:03:40.498 after scenario inside config 
16:03:40.530 From karate-config file 
16:03:40.530 [print] Basic YWRtaW46YWRtaW4=
16:03:40.530 request:
1 > GET http://192.168.1.62:8161/api/jolokia
1 > Accept-Encoding: gzip,deflate
1 > Authorization: Basic YWRtaW46YWRtaW4=
1 > Connection: Keep-Alive
1 > Host: 192.168.1.62:8161
1 > User-Agent: Apache-HttpClient/4.5.12 (Java/1.8.0_251)

16:03:40.530 response time in milliseconds: 2.78
1 < 200
1 < Cache-Control: no-cache
1 < Content-Type: text/plain;charset=utf-8
1 < Date: Fri, 05 Feb 2021 10:33:39 GMT
1 < Expires: Fri, 05 Feb 2021 09:33:39 GMT
1 < Pragma: no-cache
1 < Server: Jetty(9.4.35.v20201120)
1 < Transfer-Encoding: chunked
1 < X-Content-Type-Options: nosniff
1 < X-FRAME-OPTIONS: SAMEORIGIN
1 < X-XSS-Protection: 1; mode=block
{"error_type":"java.lang.Exception","error":"java.lang.Exception : Origin null is not allowed to call this agent","status":403}

16:03:40.545 [print] json
16:03:40.545 assertion failed: path: $.value.agent, actual: null, expected: '1.3.4', reason: actual json-path does not exist
16:03:40.545 after scenario inside config 
16:03:40.561 From karate-config file 
16:03:40.561 request:
1 > GET http://192.168.1.62:8082/topics
1 > Accept-Encoding: gzip,deflate
1 > Connection: Keep-Alive
1 > Host: 192.168.1.62:8082
1 > User-Agent: Apache-HttpClient/4.5.12 (Java/1.8.0_251)

16:03:40.576 response time in milliseconds: 7.74
1 < 200
1 < Content-Type: application/vnd.kafka.v2+json
1 < Date: Fri, 05 Feb 2021 10:33:39 GMT
1 < Vary: Accept-Encoding, User-Agent
["harris_topic3","pravalika_topic","shubh","topic3","vijay_topic","shalini","dhana_topic","manohar","veera_topic","_confluent_balancer_partition_samples","satyendra_topic","snehasish_topic","sasi","hemanth_topic","_confluent_balancer_api_state","Madhu-topic","_confluent-license","deekshit","_confluent_balancer_broker_samples","syed_topic","_confluent-telemetry-metrics"]

16:03:40.576 [print] [
  "harris_topic3",
  "pravalika_topic",
  "shubh",
  "topic3",
  "vijay_topic",
  "shalini",
  "dhana_topic",
  "manohar",
  "veera_topic",
  "_confluent_balancer_partition_samples",
  "satyendra_topic",
  "snehasish_topic",
  "sasi",
  "hemanth_topic",
  "_confluent_balancer_api_state",
  "Madhu-topic",
  "_confluent-license",
  "deekshit",
  "_confluent_balancer_broker_samples",
  "syed_topic",
  "_confluent-telemetry-metrics"
]

16:03:40.576 assertion failed: path: $[1], actual: 'pravalika_topic', expected: 'confluent', reason: not a sub-string
16:03:40.576 after scenario inside config 
16:03:40.576 From karate-config file 
16:03:40.576 request:
1 > GET http://192.168.1.62:8082/topics/rest123
1 > Accept-Encoding: gzip,deflate
1 > Connection: Keep-Alive
1 > Host: 192.168.1.62:8082
1 > User-Agent: Apache-HttpClient/4.5.12 (Java/1.8.0_251)

16:03:40.592 response time in milliseconds: 5.31
1 < 404
1 < Content-Length: 80
1 < Content-Type: application/vnd.kafka.v2+json
1 < Date: Fri, 05 Feb 2021 10:33:39 GMT
{"error_code":40403,"message":"This server does not host this topic-partition."}

16:03:40.592 [print] {
  "error_code": 40403,
  "message": "This server does not host this topic-partition."
}

16:03:40.592 after scenario inside config 
16:03:40.592 From karate-config file 
16:03:40.608 request:
1 > POST http://192.168.1.62:8082/topics/snehasish_topic
1 > Accept: application/vnd.kafka.v2+json
1 > Accept-Encoding: gzip,deflate
1 > Connection: Keep-Alive
1 > Content-Length: 96
1 > Content-Type: application/vnd.kafka.json.v2+json; charset=UTF-8
1 > Host: 192.168.1.62:8082
1 > User-Agent: Apache-HttpClient/4.5.12 (Java/1.8.0_251)
{"records":[{"key":"key3","value":"key-value3"},{"value":"val3","partition":0},{"value":123.3}]}

16:03:40.623 response time in milliseconds: 12.34
1 < 200
1 < Content-Type: application/vnd.kafka.v2+json
1 < Date: Fri, 05 Feb 2021 10:33:39 GMT
1 < Vary: Accept-Encoding, User-Agent
{"offsets":[{"partition":0,"offset":15,"error_code":null,"error":null},{"partition":0,"offset":16,"error_code":null,"error":null},{"partition":0,"offset":17,"error_code":null,"error":null}],"key_schema_id":null,"value_schema_id":null}

16:03:40.623 [print] {
  "offsets": [
    {
      "partition": 0,
      "offset": 15,
      "error_code": null,
      "error": null
    },
    {
      "partition": 0,
      "offset": 16,
      "error_code": null,
      "error": null
    },
    {
      "partition": 0,
      "offset": 17,
      "error_code": null,
      "error": null
    }
  ],
  "value_schema_id": null,
  "key_schema_id": null
}

16:03:40.623 after scenario inside config 
16:03:40.639 From karate-config file 
16:03:40.639 request:
1 > POST http://192.168.1.62:8082/consumers/my-consumer-group
1 > Accept-Encoding: gzip,deflate
1 > Connection: Keep-Alive
1 > Content-Length: 105
1 > Content-Type: application/vnd.kafka.json.v2+json; charset=UTF-8
1 > Host: 192.168.1.62:8082
1 > User-Agent: Apache-HttpClient/4.5.12 (Java/1.8.0_251)
{"name":"snehasish_consumer","format":"json","auto.offset.reset":"earliest","auto.commit.enable":"false"}

16:03:40.670 response time in milliseconds: 19.12
1 < 200
1 < Content-Type: application/vnd.kafka.v2+json
1 < Date: Fri, 05 Feb 2021 10:33:39 GMT
1 < Vary: Accept-Encoding, User-Agent
{"instance_id":"snehasish_consumer","base_uri":"http://192.168.1.62:8082/consumers/my-consumer-group/instances/snehasish_consumer"}

16:03:40.670 [print] {
  "instance_id": "snehasish_consumer",
  "base_uri": "http://192.168.1.62:8082/consumers/my-consumer-group/instances/snehasish_consumer"
}

16:03:40.670 [print] http://192.168.1.62:8082/consumers/my-consumer-group/instances/snehasish_consumer
16:03:40.670 after scenario inside config 
16:03:40.670 From karate-config file 
16:03:40.686 request:
1 > GET http://192.168.1.62:8082/consumers/my-consumer-group/instances/snehasish_consumer/records?timeout=3000&max_bytes=300000
1 > Accept: application/vnd.kafka.json.v2+json
1 > Accept-Encoding: gzip,deflate
1 > Connection: Keep-Alive
1 > Host: 192.168.1.62:8082
1 > User-Agent: Apache-HttpClient/4.5.12 (Java/1.8.0_251)

16:03:40.686 response time in milliseconds: 5.61
1 < 500
1 < Content-Length: 52
1 < Content-Type: application/vnd.kafka.json.v2+json
1 < Date: Fri, 05 Feb 2021 10:33:39 GMT
{"error_code":500,"message":"Internal Server Error"}

16:03:40.686 status code was: 500, expected: 200, response time: 6, url: http://192.168.1.62:8082/consumers/my-consumer-group/instances/snehasish_consumer/records?timeout=3000&max_bytes=300000, response: {"error_code":500,"message":"Internal Server Error"}
16:03:40.686 after scenario inside config 
16:03:40.686 From karate-config file 
16:03:40.686 request:
1 > GET http://192.168.1.62:8082/consumers/my-consumer-group/instances/snehasish_consumer/assignments
1 > Accept: application/vnd.kafka.v2+json
1 > Accept-Encoding: gzip,deflate
1 > Connection: Keep-Alive
1 > Host: 192.168.1.62:8082
1 > User-Agent: Apache-HttpClient/4.5.12 (Java/1.8.0_251)

16:03:40.701 response time in milliseconds: 3.39
1 < 200
1 < Content-Length: 17
1 < Content-Type: application/vnd.kafka.v2+json
1 < Date: Fri, 05 Feb 2021 10:33:39 GMT
1 < Vary: Accept-Encoding, User-Agent
{"partitions":[]}

16:03:40.701 [print] {
  "partitions": [
  ]
}

16:03:40.701 after scenario inside config 
16:03:40.701 From karate-config file 
16:03:40.701 request:
1 > DELETE http://192.168.1.62:8082/consumers/my-consumer-group/instances/snehasish_consumer
1 > Accept: application/vnd.kafka.v2+json
1 > Accept-Encoding: gzip,deflate
1 > Connection: Keep-Alive
1 > Host: 192.168.1.62:8082
1 > User-Agent: Apache-HttpClient/4.5.12 (Java/1.8.0_251)

16:03:40.717 response time in milliseconds: 7.16
1 < 204
1 < Date: Fri, 05 Feb 2021 10:33:39 GMT

16:03:40.717 after scenario inside config 
